2019-07-11 15:44:55.150  INFO 25680 --- [main] com.didispace.Application                : No active profile set, falling back to default profiles: default
2019-07-11 15:44:55.186  INFO 25680 --- [main] ationConfigEmbeddedWebApplicationContext : Refreshing org.springframework.boot.context.embedded.AnnotationConfigEmbeddedWebApplicationContext@64c64813: startup date [Thu Jul 11 15:44:55 CST 2019]; parent: org.springframework.context.annotation.AnnotationConfigApplicationContext@b1a58a3
2019-07-11 15:44:56.975  WARN 25680 --- [main] o.s.c.a.ConfigurationClassPostProcessor  : Cannot enhance @Configuration bean definition 'refreshScope' since its singleton instance has been created too early. The typical cause is a non-static @Bean method with a BeanDefinitionRegistryPostProcessor return type: Consider declaring such methods as 'static'.
2019-07-11 15:44:57.261  INFO 25680 --- [main] o.s.cloud.context.scope.GenericScope     : BeanFactory id=0a0f5f68-6d85-3adb-8398-396deaed0021
2019-07-11 15:44:57.289  INFO 25680 --- [main] f.a.AutowiredAnnotationBeanPostProcessor : JSR-330 'javax.inject.Inject' annotation found and supported for autowiring
2019-07-11 15:44:57.356  INFO 25680 --- [main] trationDelegate$BeanPostProcessorChecker : Bean 'org.springframework.cloud.autoconfigure.ConfigurationPropertiesRebinderAutoConfiguration' of type [class org.springframework.cloud.autoconfigure.ConfigurationPropertiesRebinderAutoConfiguration$$EnhancerBySpringCGLIB$$d9b7b596] is not eligible for getting processed by all BeanPostProcessors (for example: not eligible for auto-proxying)
2019-07-11 15:44:57.381  INFO 25680 --- [main] trationDelegate$BeanPostProcessorChecker : Bean 'org.springframework.cloud.autoconfigure.RefreshEndpointAutoConfiguration' of type [class org.springframework.cloud.autoconfigure.RefreshEndpointAutoConfiguration$$EnhancerBySpringCGLIB$$8316b78c] is not eligible for getting processed by all BeanPostProcessors (for example: not eligible for auto-proxying)
2019-07-11 15:44:58.943  INFO 25680 --- [main] s.b.c.e.t.TomcatEmbeddedServletContainer : Tomcat initialized with port(s): 1111 (http)
2019-07-11 15:44:58.995  INFO 25680 --- [main] o.apache.catalina.core.StandardService   : Starting service Tomcat
2019-07-11 15:44:59.005  INFO 25680 --- [main] org.apache.catalina.core.StandardEngine  : Starting Servlet Engine: Apache Tomcat/8.0.36
2019-07-11 15:44:59.180  INFO 25680 --- [localhost-startStop-1] o.a.c.c.C.[Tomcat].[localhost].[/]       : Initializing Spring embedded WebApplicationContext
2019-07-11 15:44:59.184  INFO 25680 --- [localhost-startStop-1] o.s.web.context.ContextLoader            : Root WebApplicationContext: initialization completed in 3998 ms
2019-07-11 15:45:01.386  INFO 25680 --- [localhost-startStop-1] o.s.b.c.embedded.FilterRegistrationBean  : Mapping filter: 'metricFilter' to: [/*]
2019-07-11 15:45:01.395  INFO 25680 --- [localhost-startStop-1] o.s.b.c.embedded.FilterRegistrationBean  : Mapping filter: 'characterEncodingFilter' to: [/*]
2019-07-11 15:45:01.400  INFO 25680 --- [localhost-startStop-1] o.s.b.c.embedded.FilterRegistrationBean  : Mapping filter: 'hiddenHttpMethodFilter' to: [/*]
2019-07-11 15:45:01.401  INFO 25680 --- [localhost-startStop-1] o.s.b.c.embedded.FilterRegistrationBean  : Mapping filter: 'httpPutFormContentFilter' to: [/*]
2019-07-11 15:45:01.414  INFO 25680 --- [localhost-startStop-1] o.s.b.c.embedded.FilterRegistrationBean  : Mapping filter: 'requestContextFilter' to: [/*]
2019-07-11 15:45:01.418  INFO 25680 --- [localhost-startStop-1] o.s.b.c.embedded.FilterRegistrationBean  : Mapping filter: 'webRequestTraceFilter' to: [/*]
2019-07-11 15:45:01.420  INFO 25680 --- [localhost-startStop-1] o.s.b.c.embedded.FilterRegistrationBean  : Mapping filter: 'servletContainer' to urls: [/eureka/*]
2019-07-11 15:45:01.424  INFO 25680 --- [localhost-startStop-1] o.s.b.c.embedded.FilterRegistrationBean  : Mapping filter: 'applicationContextIdFilter' to: [/*]
2019-07-11 15:45:01.432  INFO 25680 --- [localhost-startStop-1] o.s.b.c.e.ServletRegistrationBean        : Mapping servlet: 'dispatcherServlet' to [/]
2019-07-11 15:45:01.679  INFO 25680 --- [localhost-startStop-1] c.s.j.s.i.a.WebApplicationImpl           : Initiating Jersey application, version 'Jersey: 1.19.1 03/11/2016 02:08 PM'
2019-07-11 15:45:01.883  INFO 25680 --- [localhost-startStop-1] c.n.d.provider.DiscoveryJerseyProvider   : Using JSON encoding codec LegacyJacksonJson
2019-07-11 15:45:01.887  INFO 25680 --- [localhost-startStop-1] c.n.d.provider.DiscoveryJerseyProvider   : Using JSON decoding codec LegacyJacksonJson
2019-07-11 15:45:02.182  INFO 25680 --- [localhost-startStop-1] c.n.d.provider.DiscoveryJerseyProvider   : Using XML encoding codec XStreamXml
2019-07-11 15:45:02.192  INFO 25680 --- [localhost-startStop-1] c.n.d.provider.DiscoveryJerseyProvider   : Using XML decoding codec XStreamXml
2019-07-11 15:45:05.384  INFO 25680 --- [main] o.s.cloud.commons.util.InetUtils         : Cannot determine local hostname
2019-07-11 15:45:05.443  INFO 25680 --- [main] o.s.c.n.eureka.InstanceInfoFactory       : Setting initial instance status as: STARTING
2019-07-11 15:45:05.573  INFO 25680 --- [main] com.netflix.discovery.DiscoveryClient    : Client configured to neither register nor query for data.
2019-07-11 15:45:05.601  INFO 25680 --- [main] com.netflix.discovery.DiscoveryClient    : Discovery Client initialized at timestamp 1562831105600 with initial instances count: 0
2019-07-11 15:45:05.988  INFO 25680 --- [main] c.n.eureka.DefaultEurekaServerContext    : Initializing ...
2019-07-11 15:45:05.996  WARN 25680 --- [main] c.n.eureka.cluster.PeerEurekaNodes       : The replica size seems to be empty. Check the route 53 DNS Registry
2019-07-11 15:45:06.035  INFO 25680 --- [main] c.n.e.registry.AbstractInstanceRegistry  : Finished initializing remote region registries. All known remote regions: []
2019-07-11 15:45:06.039  INFO 25680 --- [main] c.n.eureka.DefaultEurekaServerContext    : Initialized
2019-07-11 15:45:06.629  INFO 25680 --- [main] s.w.s.m.m.a.RequestMappingHandlerAdapter : Looking for @ControllerAdvice: org.springframework.boot.context.embedded.AnnotationConfigEmbeddedWebApplicationContext@64c64813: startup date [Thu Jul 11 15:44:55 CST 2019]; parent: org.springframework.context.annotation.AnnotationConfigApplicationContext@b1a58a3
2019-07-11 15:45:06.818  INFO 25680 --- [main] s.w.s.m.m.a.RequestMappingHandlerMapping : Mapped "{[/],methods=[GET]}" onto public java.lang.String org.springframework.cloud.netflix.eureka.server.EurekaController.status(javax.servlet.http.HttpServletRequest,java.util.Map<java.lang.String, java.lang.Object>)
2019-07-11 15:45:06.826  INFO 25680 --- [main] s.w.s.m.m.a.RequestMappingHandlerMapping : Mapped "{[/lastn],methods=[GET]}" onto public java.lang.String org.springframework.cloud.netflix.eureka.server.EurekaController.lastn(javax.servlet.http.HttpServletRequest,java.util.Map<java.lang.String, java.lang.Object>)
2019-07-11 15:45:06.837  INFO 25680 --- [main] s.w.s.m.m.a.RequestMappingHandlerMapping : Mapped "{[/error]}" onto public org.springframework.http.ResponseEntity<java.util.Map<java.lang.String, java.lang.Object>> org.springframework.boot.autoconfigure.web.BasicErrorController.error(javax.servlet.http.HttpServletRequest)
2019-07-11 15:45:06.848  INFO 25680 --- [main] s.w.s.m.m.a.RequestMappingHandlerMapping : Mapped "{[/error],produces=[text/html]}" onto public org.springframework.web.servlet.ModelAndView org.springframework.boot.autoconfigure.web.BasicErrorController.errorHtml(javax.servlet.http.HttpServletRequest,javax.servlet.http.HttpServletResponse)
2019-07-11 15:45:06.972  INFO 25680 --- [main] o.s.w.s.handler.SimpleUrlHandlerMapping  : Mapped URL path [/webjars/**] onto handler of type [class org.springframework.web.servlet.resource.ResourceHttpRequestHandler]
2019-07-11 15:45:06.987  INFO 25680 --- [main] o.s.w.s.handler.SimpleUrlHandlerMapping  : Mapped URL path [/**] onto handler of type [class org.springframework.web.servlet.resource.ResourceHttpRequestHandler]
2019-07-11 15:45:07.142  INFO 25680 --- [main] o.s.w.s.handler.SimpleUrlHandlerMapping  : Mapped URL path [/**/favicon.ico] onto handler of type [class org.springframework.web.servlet.resource.ResourceHttpRequestHandler]
2019-07-11 15:45:08.221  INFO 25680 --- [main] o.s.b.a.e.mvc.EndpointHandlerMapping     : Mapped "{[/pause || /pause.json],methods=[POST]}" onto public java.lang.Object org.springframework.cloud.endpoint.GenericPostableMvcEndpoint.invoke()
2019-07-11 15:45:08.229  INFO 25680 --- [main] o.s.b.a.e.mvc.EndpointHandlerMapping     : Mapped "{[/restart || /restart.json],methods=[POST]}" onto public java.lang.Object org.springframework.cloud.context.restart.RestartMvcEndpoint.invoke()
2019-07-11 15:45:08.241  INFO 25680 --- [main] o.s.b.a.e.mvc.EndpointHandlerMapping     : Mapped "{[/beans || /beans.json],methods=[GET],produces=[application/json]}" onto public java.lang.Object org.springframework.boot.actuate.endpoint.mvc.EndpointMvcAdapter.invoke()
2019-07-11 15:45:08.244  INFO 25680 --- [main] o.s.b.a.e.mvc.EndpointHandlerMapping     : Mapped "{[/env/{name:.*}],methods=[GET],produces=[application/json]}" onto public java.lang.Object org.springframework.boot.actuate.endpoint.mvc.EnvironmentMvcEndpoint.value(java.lang.String)
2019-07-11 15:45:08.246  INFO 25680 --- [main] o.s.b.a.e.mvc.EndpointHandlerMapping     : Mapped "{[/env || /env.json],methods=[GET],produces=[application/json]}" onto public java.lang.Object org.springframework.boot.actuate.endpoint.mvc.EndpointMvcAdapter.invoke()
2019-07-11 15:45:08.258  INFO 25680 --- [main] o.s.b.a.e.mvc.EndpointHandlerMapping     : Mapped "{[/configprops || /configprops.json],methods=[GET],produces=[application/json]}" onto public java.lang.Object org.springframework.boot.actuate.endpoint.mvc.EndpointMvcAdapter.invoke()
2019-07-11 15:45:08.261  INFO 25680 --- [main] o.s.b.a.e.mvc.EndpointHandlerMapping     : Mapped "{[/dump || /dump.json],methods=[GET],produces=[application/json]}" onto public java.lang.Object org.springframework.boot.actuate.endpoint.mvc.EndpointMvcAdapter.invoke()
2019-07-11 15:45:08.263  INFO 25680 --- [main] o.s.b.a.e.mvc.EndpointHandlerMapping     : Mapped "{[/trace || /trace.json],methods=[GET],produces=[application/json]}" onto public java.lang.Object org.springframework.boot.actuate.endpoint.mvc.EndpointMvcAdapter.invoke()
2019-07-11 15:45:08.274  INFO 25680 --- [main] o.s.b.a.e.mvc.EndpointHandlerMapping     : Mapped "{[/archaius || /archaius.json],methods=[GET],produces=[application/json]}" onto public java.lang.Object org.springframework.boot.actuate.endpoint.mvc.EndpointMvcAdapter.invoke()
2019-07-11 15:45:08.277  INFO 25680 --- [main] o.s.b.a.e.mvc.EndpointHandlerMapping     : Mapped "{[/health || /health.json],produces=[application/json]}" onto public java.lang.Object org.springframework.boot.actuate.endpoint.mvc.HealthMvcEndpoint.invoke(java.security.Principal)
2019-07-11 15:45:08.287  INFO 25680 --- [main] o.s.b.a.e.mvc.EndpointHandlerMapping     : Mapped "{[/resume || /resume.json],methods=[POST]}" onto public java.lang.Object org.springframework.cloud.endpoint.GenericPostableMvcEndpoint.invoke()
2019-07-11 15:45:08.289  INFO 25680 --- [main] o.s.b.a.e.mvc.EndpointHandlerMapping     : Mapped "{[/metrics/{name:.*}],methods=[GET],produces=[application/json]}" onto public java.lang.Object org.springframework.boot.actuate.endpoint.mvc.MetricsMvcEndpoint.value(java.lang.String)
2019-07-11 15:45:08.291  INFO 25680 --- [main] o.s.b.a.e.mvc.EndpointHandlerMapping     : Mapped "{[/metrics || /metrics.json],methods=[GET],produces=[application/json]}" onto public java.lang.Object org.springframework.boot.actuate.endpoint.mvc.EndpointMvcAdapter.invoke()
2019-07-11 15:45:08.299  INFO 25680 --- [main] o.s.b.a.e.mvc.EndpointHandlerMapping     : Mapped "{[/autoconfig || /autoconfig.json],methods=[GET],produces=[application/json]}" onto public java.lang.Object org.springframework.boot.actuate.endpoint.mvc.EndpointMvcAdapter.invoke()
2019-07-11 15:45:08.304  INFO 25680 --- [main] o.s.b.a.e.mvc.EndpointHandlerMapping     : Mapped "{[/mappings || /mappings.json],methods=[GET],produces=[application/json]}" onto public java.lang.Object org.springframework.boot.actuate.endpoint.mvc.EndpointMvcAdapter.invoke()
2019-07-11 15:45:08.306  INFO 25680 --- [main] o.s.b.a.e.mvc.EndpointHandlerMapping     : Mapped "{[/info || /info.json],methods=[GET],produces=[application/json]}" onto public java.lang.Object org.springframework.boot.actuate.endpoint.mvc.EndpointMvcAdapter.invoke()
2019-07-11 15:45:08.316  INFO 25680 --- [main] o.s.b.a.e.mvc.EndpointHandlerMapping     : Mapped "{[/logfile || /logfile.json],methods=[GET || HEAD]}" onto public void org.springframework.boot.actuate.endpoint.mvc.LogFileMvcEndpoint.invoke(javax.servlet.http.HttpServletRequest,javax.servlet.http.HttpServletResponse) throws javax.servlet.ServletException,java.io.IOException
2019-07-11 15:45:08.323  INFO 25680 --- [main] o.s.b.a.e.mvc.EndpointHandlerMapping     : Mapped "{[/env],methods=[POST]}" onto public java.lang.Object org.springframework.cloud.context.environment.EnvironmentManagerMvcEndpoint.value(java.util.Map<java.lang.String, java.lang.String>)
2019-07-11 15:45:08.324  INFO 25680 --- [main] o.s.b.a.e.mvc.EndpointHandlerMapping     : Mapped "{[/env/reset],methods=[POST]}" onto public java.util.Map<java.lang.String, java.lang.Object> org.springframework.cloud.context.environment.EnvironmentManagerMvcEndpoint.reset()
2019-07-11 15:45:08.326  INFO 25680 --- [main] o.s.b.a.e.mvc.EndpointHandlerMapping     : Mapped "{[/features || /features.json],methods=[GET],produces=[application/json]}" onto public java.lang.Object org.springframework.boot.actuate.endpoint.mvc.EndpointMvcAdapter.invoke()
2019-07-11 15:45:08.328  INFO 25680 --- [main] o.s.b.a.e.mvc.EndpointHandlerMapping     : Mapped "{[/refresh || /refresh.json],methods=[POST]}" onto public java.lang.Object org.springframework.cloud.endpoint.GenericPostableMvcEndpoint.invoke()
2019-07-11 15:45:08.559  INFO 25680 --- [main] o.s.ui.freemarker.SpringTemplateLoader   : SpringTemplateLoader for FreeMarker: using resource loader [org.springframework.boot.context.embedded.AnnotationConfigEmbeddedWebApplicationContext@64c64813: startup date [Thu Jul 11 15:44:55 CST 2019]; parent: org.springframework.context.annotation.AnnotationConfigApplicationContext@b1a58a3] and template loader path [classpath:/templates/]
2019-07-11 15:45:08.570  INFO 25680 --- [main] o.s.w.s.v.f.FreeMarkerConfigurer         : ClassTemplateLoader for Spring macros added to FreeMarker configuration
2019-07-11 15:45:08.731  WARN 25680 --- [main] c.n.c.sources.URLConfigurationSource     : No URLs will be polled as dynamic configuration sources.
2019-07-11 15:45:08.732  INFO 25680 --- [main] c.n.c.sources.URLConfigurationSource     : To enable URLs as dynamic configuration sources, define System property archaius.configurationSource.additionalUrls or make config.properties available on classpath.
2019-07-11 15:45:08.757  WARN 25680 --- [main] c.n.c.sources.URLConfigurationSource     : No URLs will be polled as dynamic configuration sources.
2019-07-11 15:45:08.758  INFO 25680 --- [main] c.n.c.sources.URLConfigurationSource     : To enable URLs as dynamic configuration sources, define System property archaius.configurationSource.additionalUrls or make config.properties available on classpath.
2019-07-11 15:45:08.911  INFO 25680 --- [main] o.s.j.e.a.AnnotationMBeanExporter        : Registering beans for JMX exposure on startup
2019-07-11 15:45:08.943  INFO 25680 --- [main] o.s.j.e.a.AnnotationMBeanExporter        : Bean with name 'refreshScope' has been autodetected for JMX exposure
2019-07-11 15:45:08.962  INFO 25680 --- [main] o.s.j.e.a.AnnotationMBeanExporter        : Bean with name 'environmentManager' has been autodetected for JMX exposure
2019-07-11 15:45:08.987  INFO 25680 --- [main] o.s.j.e.a.AnnotationMBeanExporter        : Bean with name 'configurationPropertiesRebinder' has been autodetected for JMX exposure
2019-07-11 15:45:08.996  INFO 25680 --- [main] o.s.j.e.a.AnnotationMBeanExporter        : Bean with name 'refreshEndpoint' has been autodetected for JMX exposure
2019-07-11 15:45:09.007  INFO 25680 --- [main] o.s.j.e.a.AnnotationMBeanExporter        : Bean with name 'restartEndpoint' has been autodetected for JMX exposure
2019-07-11 15:45:09.015  INFO 25680 --- [main] o.s.j.e.a.AnnotationMBeanExporter        : Located managed bean 'environmentManager': registering with JMX server as MBean [org.springframework.cloud.context.environment:name=environmentManager,type=EnvironmentManager]
2019-07-11 15:45:09.066  INFO 25680 --- [main] o.s.j.e.a.AnnotationMBeanExporter        : Located managed bean 'restartEndpoint': registering with JMX server as MBean [org.springframework.cloud.context.restart:name=restartEndpoint,type=RestartEndpoint]
2019-07-11 15:45:09.104  INFO 25680 --- [main] o.s.j.e.a.AnnotationMBeanExporter        : Located managed bean 'refreshScope': registering with JMX server as MBean [org.springframework.cloud.context.scope.refresh:name=refreshScope,type=RefreshScope]
2019-07-11 15:45:09.128  INFO 25680 --- [main] o.s.j.e.a.AnnotationMBeanExporter        : Located managed bean 'configurationPropertiesRebinder': registering with JMX server as MBean [org.springframework.cloud.context.properties:name=configurationPropertiesRebinder,context=64c64813,type=ConfigurationPropertiesRebinder]
2019-07-11 15:45:09.148  INFO 25680 --- [main] o.s.j.e.a.AnnotationMBeanExporter        : Located managed bean 'refreshEndpoint': registering with JMX server as MBean [org.springframework.cloud.endpoint:name=refreshEndpoint,type=RefreshEndpoint]
2019-07-11 15:45:09.479  INFO 25680 --- [main] o.s.c.support.DefaultLifecycleProcessor  : Starting beans in phase 0
2019-07-11 15:45:09.487  INFO 25680 --- [main] c.n.e.EurekaDiscoveryClientConfiguration : Registering application eureka-server with eureka with status UP
2019-07-11 15:45:09.489  INFO 25680 --- [Thread-10] o.s.c.n.e.server.EurekaServerBootstrap   : Setting the eureka configuration..
2019-07-11 15:45:09.492  INFO 25680 --- [Thread-10] o.s.c.n.e.server.EurekaServerBootstrap   : Eureka data center value eureka.datacenter is not set, defaulting to default
2019-07-11 15:45:09.495  INFO 25680 --- [Thread-10] o.s.c.n.e.server.EurekaServerBootstrap   : Eureka environment value eureka.environment is not set, defaulting to test
2019-07-11 15:45:09.569  INFO 25680 --- [Thread-10] o.s.c.n.e.server.EurekaServerBootstrap   : isAws returned false
2019-07-11 15:45:09.573  INFO 25680 --- [Thread-10] o.s.c.n.e.server.EurekaServerBootstrap   : Initialized server context
2019-07-11 15:45:09.590  INFO 25680 --- [Thread-10] c.n.e.r.PeerAwareInstanceRegistryImpl    : Got 1 instances from neighboring DS node
2019-07-11 15:45:09.599  INFO 25680 --- [Thread-10] c.n.e.r.PeerAwareInstanceRegistryImpl    : Renew threshold is: 1
2019-07-11 15:45:09.605  INFO 25680 --- [Thread-10] c.n.e.r.PeerAwareInstanceRegistryImpl    : Changing status to UP
2019-07-11 15:45:09.634  INFO 25680 --- [Thread-10] e.s.EurekaServerInitializerConfiguration : Started Eureka Server
2019-07-11 15:45:09.837  INFO 25680 --- [main] s.b.c.e.t.TomcatEmbeddedServletContainer : Tomcat started on port(s): 1111 (http)
2019-07-11 15:45:09.848  INFO 25680 --- [main] c.n.e.EurekaDiscoveryClientConfiguration : Updating port to 1111
2019-07-11 15:45:09.855  INFO 25680 --- [main] com.didispace.Application                : Started Application in 21.534 seconds (JVM running for 22.511)
2019-07-11 15:46:09.619  INFO 25680 --- [Eureka-EvictionTimer] c.n.e.registry.AbstractInstanceRegistry  : Running the evict task with compensationTime 0ms
2019-07-11 15:47:09.622  INFO 25680 --- [Eureka-EvictionTimer] c.n.e.registry.AbstractInstanceRegistry  : Running the evict task with compensationTime 0ms
2019-07-11 15:48:09.625  INFO 25680 --- [Eureka-EvictionTimer] c.n.e.registry.AbstractInstanceRegistry  : Running the evict task with compensationTime 0ms
2019-07-11 15:48:23.442  INFO 25680 --- [http-nio-1111-exec-1] o.a.c.c.C.[Tomcat].[localhost].[/]       : Initializing Spring FrameworkServlet 'dispatcherServlet'
2019-07-11 15:48:23.444  INFO 25680 --- [http-nio-1111-exec-1] o.s.web.servlet.DispatcherServlet        : FrameworkServlet 'dispatcherServlet': initialization started
2019-07-11 15:48:23.515  INFO 25680 --- [http-nio-1111-exec-1] o.s.web.servlet.DispatcherServlet        : FrameworkServlet 'dispatcherServlet': initialization completed in 61 ms
2019-07-11 15:48:36.753  INFO 25680 --- [Thread-12] ationConfigEmbeddedWebApplicationContext : Closing org.springframework.boot.context.embedded.AnnotationConfigEmbeddedWebApplicationContext@64c64813: startup date [Thu Jul 11 15:44:55 CST 2019]; parent: org.springframework.context.annotation.AnnotationConfigApplicationContext@b1a58a3
2019-07-11 15:48:36.767  INFO 25680 --- [Thread-12] c.n.e.EurekaDiscoveryClientConfiguration : Unregistering application eureka-server with eureka with status DOWN
2019-07-11 15:48:36.772  INFO 25680 --- [Thread-12] com.netflix.discovery.DiscoveryClient    : Shutting down DiscoveryClient ...
2019-07-11 15:48:36.784  INFO 25680 --- [Thread-12] com.netflix.discovery.DiscoveryClient    : Completed shut down of DiscoveryClient
2019-07-11 15:48:36.793  INFO 25680 --- [Thread-12] o.s.c.support.DefaultLifecycleProcessor  : Stopping beans in phase 0
2019-07-11 15:48:36.812  INFO 25680 --- [Thread-12] o.s.j.e.a.AnnotationMBeanExporter        : Unregistering JMX-exposed beans on shutdown
2019-07-11 15:48:36.813  INFO 25680 --- [Thread-12] o.s.j.e.a.AnnotationMBeanExporter        : Unregistering JMX-exposed beans
2019-07-11 15:48:36.827  INFO 25680 --- [Thread-12] c.n.eureka.DefaultEurekaServerContext    : Shutting down ...
2019-07-11 15:48:36.832  INFO 25680 --- [Thread-12] c.n.eureka.DefaultEurekaServerContext    : Shut down
